
--------------------------Таблица индентифекаторов-----------------------
---------------------------------------------------------------------------------------
   № | Идентификатор | Тип данных | Тип идентификатора | Индекс в ТЛ | Значение    
---------------------------------------------------------------------------------------

0000 | kvadr         | integer    | функция            | 2           | -
0001 | kvadr_x       | integer    | параметр           | 5           | 0                 
0002 | kvadr_y       | integer    | параметр           | 8           | 0                 
0003 | kvadr_mk      | string     | переменная         | 13          | ""
0004 | kvadr_ma      | string     | переменная         | 17          | ""
0005 | kvadr_mb      | string     | переменная         | 21          | ""
0006 | L0            | string     | литерал            | 23          | "word"
0007 | L1            | string     | литерал            | 27          | "hellow "
0008 | concat        | string     | функция            | 32          | -
0009 | L2            | string     | литерал            | 40          | "concat(ma,mb): "
0010 | kvadr_m       | integer    | переменная         | 45          | 0                 
0011 | npow          | integer    | функция            | 52          | -
0012 | L3            | integer    | литерал            | 56          | 5                 
0013 | L4            | string     | литерал            | 60          | "x pow y="
0014 | fi            | integer    | функция            | 68          | -
0015 | fi_x          | integer    | параметр           | 71          | 0                 
0016 | fi_y          | integer    | параметр           | 74          | 0                 
0017 | fi_j          | integer    | переменная         | 79          | 0                 
0018 | L5            | integer    | литерал            | 86          | 10                
0019 | fi_b          | integer    | переменная         | 85          | 0                 
0020 | L6            | string     | литерал            | 92          | "вывод четных чисел"
0021 | L7            | integer    | литерал            | 99          | 0                 
0022 | L8            | integer    | литерал            | 106         | 2                 
0023 | L9            | integer    | литерал            | 113         | 0                 
0024 | L10           | integer    | литерал            | 125         | 1                 
0025 | fi_m          | integer    | переменная         | 125         | 0                 
0026 | fi_ba         | bool       | переменная         | 129         | false             
0027 | L11           | bool       | литерал            | 136         | true              
0028 | L12           | integer    | литерал            | 151         | 5                 
0029 | L13           | string     | литерал            | 155         | "(x+y)*5="
0030 | k             | integer    | переменная         | 160         | 0                 
0031 | L14           | integer    | литерал            | 169         | 5                 
0032 | p             | integer    | переменная         | 166         | 0                 
0033 | L15           | integer    | литерал            | 175         | 4                 
0034 | L16           | integer    | литерал            | 193         | 2                 
0035 | m             | integer    | переменная         | 196         | 0                 
0036 | ffffffff      | integer    | переменная         | 200         | 0                 
0037 | ma            | string     | переменная         | 204         | ""
0038 | mb            | string     | переменная         | 208         | ""
0039 | L17           | string     | литерал            | 222         | "dskl"
0040 | L18           | string     | литерал            | 226         | "dskl"
0041 | lenght        | integer    | функция            | 231         | -
0042 | L19           | string     | литерал            | 237         | "lenght(ma): "
0043 | L20           | string     | литерал            | 247         | "compare(ma,mb): "
0044 | compare       | integer    | функция            | 252         | -
0045 | L21           | string     | литерал            | 265         | "dddddddddddskl"
0046 | L22           | string     | литерал            | 278         | "second condition"
0047 | L23           | string     | литерал            | 284         | "dddddddddddskl"
0048 | L24           | string     | литерал            | 289         | "oooosssn"
0049 | L25           | string     | литерал            | 293         | "1+(3+5)/4="
0050 | L26           | integer    | литерал            | 299         | 0                 
---------------------------------------------------------------------------------------

--------------------------Таблица лексем-----------------------
0000 | tfi(ti,ti)           | 000 - 009
0001 | {                    | 009 - 010
0002 | nti;                 | 010 - 014
0003 | nti;                 | 014 - 018
0004 | nti=l;               | 018 - 024
0005 | i=l;                 | 024 - 028
0006 | i=fii@;              | 028 - 035
0007 | ^pl;                 | 035 - 039
0008 | pi;                  | 039 - 042
0009 | nti;                 | 042 - 046
0010 | i=fil@;              | 046 - 053
0011 | ^pl;                 | 053 - 057
0012 | pi;                  | 057 - 060
0013 | ri;                  | 060 - 063
0014 | };                   | 063 - 065
0015 | tfi(ti,ti)           | 065 - 075
0016 | {                    | 075 - 076
0017 | nti=l;               | 076 - 082
0018 | nti;                 | 082 - 086
0019 | pl;                  | 086 - 089
0020 | #(i>l)               | 089 - 095
0021 | {                    | 095 - 096
0022 | i=il%;               | 096 - 102
0023 | ?(i==l){             | 102 - 110
0024 | ^pi;                 | 110 - 114
0025 | }                    | 114 - 115
0026 | i=il-;               | 115 - 121
0027 | }                    | 121 - 122
0028 | nti;                 | 122 - 126
0029 | nti=l;               | 126 - 132
0030 | ?(i){                | 132 - 137
0031 | i=ii+l*;             | 137 - 145
0032 | }                    | 145 - 146
0033 | ^pl;                 | 146 - 150
0034 | ri;                  | 150 - 153
0035 | };                   | 153 - 155
0036 | m                    | 155 - 156
0037 | {                    | 156 - 157
0038 | nti=l;               | 157 - 163
0039 | nti=l;               | 163 - 169
0040 | i=iii@;              | 169 - 176
0041 | pi;                  | 176 - 179
0042 | i=ili@;              | 179 - 186
0043 | ?(i>i){              | 186 - 193
0044 | nti;                 | 193 - 197
0045 | nti;                 | 197 - 201
0046 | nti;                 | 201 - 205
0047 | nti;                 | 205 - 209
0048 | i=l;                 | 209 - 213
0049 | i=l;                 | 213 - 217
0050 | i=fi@;               | 217 - 223
0051 | ^pl;                 | 223 - 227
0052 | pi;                  | 227 - 230
0053 | pi;                  | 230 - 233
0054 | ^pl;                 | 233 - 237
0055 | i=fii@;              | 237 - 244
0056 | pi;                  | 244 - 247
0057 | }                    | 247 - 248
0058 | e{                   | 248 - 250
0059 | pl;                  | 250 - 253
0060 | }                    | 253 - 254
0061 | ?(i>=i){             | 254 - 262
0062 | ^pl;                 | 262 - 266
0063 | }                    | 266 - 267
0064 | e{                   | 267 - 269
0065 | pl;                  | 269 - 272
0066 | }                    | 272 - 273
0067 | ^pl;                 | 273 - 277
0068 | ^pl;                 | 277 - 281
0069 | pi;                  | 281 - 284
0070 | rl;                  | 284 - 287
0071 | };                   | 287 - 289
---------------------------------------------------------------
