c:\instit\help\lab\lab\debug\vc143.pdb
c:\instit\help\lab\lab\debug\vc143.idb
c:\instit\help\lab\lab\debug\parm.obj
c:\instit\help\lab\lab\debug\log.obj
c:\instit\help\lab\lab\debug\lab.obj
c:\instit\help\lab\lab\debug\in.obj
c:\instit\help\lab\lab\debug\error.obj
c:\instit\help\lab\lab\debug\out.obj
c:\instit\kurs2\kpo\lab20\lab\debug\vc143.pdb
c:\instit\kurs2\kpo\lab20\lab\debug\vc143.idb
c:\instit\kurs2\kpo\lab20\lab\debug\lab.obj
c:\instit\kurs2\kpo\lab20\lab\debug\in.obj
c:\instit\kurs2\kpo\lab20\lab\debug\parm.obj
c:\instit\kurs2\kpo\lab20\lab\debug\out.obj
c:\instit\kurs2\kpo\lab20\lab\debug\log.obj
c:\instit\kurs2\kpo\lab20\lab\debug\error.obj
c:\instit\kurs2\kpo\lab20\lab\debug\lt.obj
c:\instit\kurs2\kpo\lab20\lab\debug\it.obj
c:\instit\kurs2\kpo\lab20\lab\debug\lexanalize.obj
c:\instit\help\lab\debug\lab.exe
c:\instit\help\lab\lab\debug\lab.ilk
c:\instit\help\lab\debug\lab.pdb
c:\instit\kurs2\kpo\lab20\debug\lab.exe
c:\instit\kurs2\kpo\lab20\lab\debug\lab.ilk
c:\instit\kurs2\kpo\lab20\debug\lab.pdb
c:\instit\kurs2\kpo\lab20\lab\debug\lab.tlog\cl.command.1.tlog
c:\instit\kurs2\kpo\lab20\lab\debug\lab.tlog\cl.read.1.tlog
c:\instit\kurs2\kpo\lab20\lab\debug\lab.tlog\cl.write.1.tlog
c:\instit\kurs2\kpo\lab20\lab\debug\lab.tlog\link.command.1.tlog
c:\instit\kurs2\kpo\lab20\lab\debug\lab.tlog\link.read.1.tlog
c:\instit\kurs2\kpo\lab20\lab\debug\lab.tlog\link.write.1.tlog
